<?xml version="1.0" encoding="UTF-8"?>
<testsuites>
  <testsuite id="0" name="/home/shivender/Documents/ReactJS/hospital-app/src/tests/AllAppointments.test.js" errors="0" package="/home/shivender/Documents/ReactJS/hospital-app/src/tests/AllAppointments.test.js" hostname="localhost" tests="1" failures="0" time="3.395" timestamp="2023-06-07T21:05:19">
    <properties>
    </properties>
    <testcase classname="testing AllAppointments" name="should set the state values" time="0">
    </testcase>
    <system-out/>
    <system-err/>
  </testsuite>
  <testsuite id="1" name="/home/shivender/Documents/ReactJS/hospital-app/src/tests/SignUpForm.test.js" errors="0" package="/home/shivender/Documents/ReactJS/hospital-app/src/tests/SignUpForm.test.js" hostname="localhost" tests="16" failures="0" time="0.33" timestamp="2023-06-07T21:05:23">
    <properties>
    </properties>
    <testcase classname="SignUpForm" name="should render eleven &lt;div /&gt;" time="0">
    </testcase>
    <testcase classname="SignUpForm" name="should render six &lt;label&gt;s" time="0">
    </testcase>
    <testcase classname="SignUpForm" name="should render six &lt;input&gt;s" time="0">
    </testcase>
    <testcase classname="SignUpForm" name="renders a uname input" time="0">
    </testcase>
    <testcase classname="SignUpForm" name="renders a email input" time="0">
    </testcase>
    <testcase classname="SignUpForm" name="renders a password input" time="0">
    </testcase>
    <testcase classname="SignUpForm" name="renders a dob input" time="0">
    </testcase>
    <testcase classname="SignUpForm" name="renders a mobileno input" time="0">
    </testcase>
    <testcase classname="SignUpForm" name="renders a location input" time="0">
    </testcase>
    <testcase classname="SignUpForm" name="should change the name state of login component" time="0">
    </testcase>
    <testcase classname="SignUpForm" name="should change the email state of login component" time="0">
    </testcase>
    <testcase classname="SignUpForm" name="should change the password state of login component" time="0">
    </testcase>
    <testcase classname="SignUpForm" name="should change the dob state of login component" time="0">
    </testcase>
    <testcase classname="SignUpForm" name="should change the mobileno state of login component" time="0">
    </testcase>
    <testcase classname="SignUpForm" name="should change the location state of login component" time="0">
    </testcase>
    <testcase classname="SignUpForm" name="valid path" time="0">
    </testcase>
    <system-out/>
    <system-err/>
  </testsuite>
  <testsuite id="2" name="/home/shivender/Documents/ReactJS/hospital-app/src/tests/EditAppointment.test.js" errors="0" package="/home/shivender/Documents/ReactJS/hospital-app/src/tests/EditAppointment.test.js" hostname="localhost" tests="13" failures="0" time="0.197" timestamp="2023-06-07T21:05:23">
    <properties>
    </properties>
    <testcase classname="testing EditAppointment" name="should render eight &lt;div/&gt;" time="0">
    </testcase>
    <testcase classname="testing EditAppointment" name="should render five labels &lt;label/&gt;" time="0">
    </testcase>
    <testcase classname="testing EditAppointment" name="should render three inputs &lt;input/&gt;" time="0">
    </testcase>
    <testcase classname="testing EditAppointment" name="renders a name input" time="0">
    </testcase>
    <testcase classname="testing EditAppointment" name="renders a disease" time="0">
    </testcase>
    <testcase classname="testing EditAppointment" name="renders a appdate" time="0">
    </testcase>
    <testcase classname="testing EditAppointment" name="renders a slot" time="0">
    </testcase>
    <testcase classname="testing EditAppointment" name="renders a description" time="0">
    </testcase>
    <testcase classname="testing EditAppointment" name="should change the name state of adding patient" time="0">
    </testcase>
    <testcase classname="testing EditAppointment" name="should change the disease state of adding patient" time="0">
    </testcase>
    <testcase classname="testing EditAppointment" name="should change the appdate state of adding patient" time="0">
    </testcase>
    <testcase classname="testing EditAppointment" name="should change the slot state of adding patient" time="0">
    </testcase>
    <testcase classname="testing EditAppointment" name="should change the description state of adding patient" time="0">
    </testcase>
    <system-out/>
    <system-err/>
  </testsuite>
  <testsuite id="3" name="/home/shivender/Documents/ReactJS/hospital-app/src/tests/EditPatient.test.js" errors="0" package="/home/shivender/Documents/ReactJS/hospital-app/src/tests/EditPatient.test.js" hostname="localhost" tests="13" failures="0" time="0.186" timestamp="2023-06-07T21:05:23">
    <properties>
    </properties>
    <testcase classname="testing EditPatient" name="should render eight &lt;div/&gt;" time="0">
    </testcase>
    <testcase classname="testing EditPatient" name="should render five labels &lt;label/&gt;" time="0">
    </testcase>
    <testcase classname="testing EditPatient" name="should render three inputs &lt;input/&gt;" time="0">
    </testcase>
    <testcase classname="testing EditPatient" name="renders a name input" time="0">
    </testcase>
    <testcase classname="testing EditPatient" name="renders a email" time="0">
    </testcase>
    <testcase classname="testing EditPatient" name="renders a dob" time="0">
    </testcase>
    <testcase classname="testing EditPatient" name="renders a location" time="0">
    </testcase>
    <testcase classname="testing EditPatient" name="renders a mobile" time="0">
    </testcase>
    <testcase classname="testing EditPatient" name="should change the name state of adding patient" time="0">
    </testcase>
    <testcase classname="testing EditPatient" name="should change the email state of adding patient" time="0">
    </testcase>
    <testcase classname="testing EditPatient" name="should change the dob state of adding patient" time="0">
    </testcase>
    <testcase classname="testing EditPatient" name="should change the location state of adding patient" time="0">
    </testcase>
    <testcase classname="testing EditPatient" name="should change the mobile state of adding patient" time="0">
    </testcase>
    <system-out/>
    <system-err/>
  </testsuite>
  <testsuite id="4" name="/home/shivender/Documents/ReactJS/hospital-app/src/tests/BookAppointment.test.js" errors="0" package="/home/shivender/Documents/ReactJS/hospital-app/src/tests/BookAppointment.test.js" hostname="localhost" tests="13" failures="0" time="0.264" timestamp="2023-06-07T21:05:24">
    <properties>
    </properties>
    <testcase classname="testing BookAppointment" name="should render eight &lt;div/&gt;" time="0">
    </testcase>
    <testcase classname="testing BookAppointment" name="should set the state values" time="0">
    </testcase>
    <testcase classname="testing BookAppointment" name="should render five labels &lt;label/&gt;" time="0">
    </testcase>
    <testcase classname="testing BookAppointment" name="should render three inputs &lt;input/&gt;" time="0">
    </testcase>
    <testcase classname="testing BookAppointment" name="should render two selects &lt;select/&gt;" time="0">
    </testcase>
    <testcase classname="testing BookAppointment" name="renders a name input" time="0">
    </testcase>
    <testcase classname="testing BookAppointment" name="renders a name disease" time="0">
    </testcase>
    <testcase classname="testing BookAppointment" name="renders a name appdate" time="0">
    </testcase>
    <testcase classname="testing BookAppointment" name="renders a name slot" time="0">
    </testcase>
    <testcase classname="testing BookAppointment" name="renders a description" time="0">
    </testcase>
    <testcase classname="testing BookAppointment" name="should change the disease state of adding patient" time="0">
    </testcase>
    <testcase classname="testing BookAppointment" name="should change the appdate state of adding patient" time="0">
    </testcase>
    <testcase classname="testing BookAppointment" name="should change the description state of adding patient" time="0">
    </testcase>
    <system-out/>
    <system-err/>
  </testsuite>
  <testsuite id="5" name="/home/shivender/Documents/ReactJS/hospital-app/src/tests/SignInForm.test.js" errors="0" package="/home/shivender/Documents/ReactJS/hospital-app/src/tests/SignInForm.test.js" hostname="localhost" tests="7" failures="0" time="0.181" timestamp="2023-06-07T21:05:24">
    <properties>
    </properties>
    <testcase classname="SignInForm" name="should render seven &lt;div /&gt;" time="0">
    </testcase>
    <testcase classname="SignInForm" name="should render four &lt;label&gt;s" time="0">
    </testcase>
    <testcase classname="SignInForm" name="should render four &lt;input&gt;s" time="0">
    </testcase>
    <testcase classname="SignInForm" name="renders a fname input" time="0">
    </testcase>
    <testcase classname="SignInForm" name="renders a lname input" time="0">
    </testcase>
    <testcase classname="SignInForm" name="should change the state of the Login Component" time="0">
    </testcase>
    <testcase classname="SignInForm" name="should change the state of the Login Component" time="0">
    </testcase>
    <system-out/>
    <system-err/>
  </testsuite>
  <testsuite id="6" name="/home/shivender/Documents/ReactJS/hospital-app/src/tests/AddPatient.test.js" errors="0" package="/home/shivender/Documents/ReactJS/hospital-app/src/tests/AddPatient.test.js" hostname="localhost" tests="14" failures="0" time="0.163" timestamp="2023-06-07T21:05:24">
    <properties>
    </properties>
    <testcase classname="testing add patient" name="should render eight &lt;div/&gt;" time="0">
    </testcase>
    <testcase classname="testing add patient" name="should set the state values" time="0">
    </testcase>
    <testcase classname="testing add patient" name="should render five labels &lt;label/&gt;" time="0">
    </testcase>
    <testcase classname="testing add patient" name="should render five inputs &lt;input/&gt;" time="0">
    </testcase>
    <testcase classname="testing add patient" name="renders a name input" time="0">
    </testcase>
    <testcase classname="testing add patient" name="renders a name email" time="0">
    </testcase>
    <testcase classname="testing add patient" name="renders a name dob" time="0">
    </testcase>
    <testcase classname="testing add patient" name="renders a name location" time="0">
    </testcase>
    <testcase classname="testing add patient" name="renders a name mobile" time="0">
    </testcase>
    <testcase classname="testing add patient" name="should change the name state of adding patient" time="0">
    </testcase>
    <testcase classname="testing add patient" name="should change the email state of adding patient" time="0">
    </testcase>
    <testcase classname="testing add patient" name="should change the dob state of adding patient" time="0">
    </testcase>
    <testcase classname="testing add patient" name="should change the location state of adding patient" time="0">
    </testcase>
    <testcase classname="testing add patient" name="should change the mobileno state of adding patient" time="0">
    </testcase>
    <system-out/>
    <system-err/>
  </testsuite>
  <testsuite id="7" name="/home/shivender/Documents/ReactJS/hospital-app/src/tests/ViewProfile.test.js" errors="0" package="/home/shivender/Documents/ReactJS/hospital-app/src/tests/ViewProfile.test.js" hostname="localhost" tests="7" failures="0" time="0.177" timestamp="2023-06-07T21:05:24">
    <properties>
    </properties>
    <testcase classname="testing ViewProfile" name="should render nine &lt;div/&gt;" time="0">
    </testcase>
    <testcase classname="testing ViewProfile" name="should render five span &lt;span/&gt;" time="0">
    </testcase>
    <testcase classname="testing ViewProfile" name="renders a name input" time="0">
    </testcase>
    <testcase classname="testing ViewProfile" name="renders a email" time="0">
    </testcase>
    <testcase classname="testing ViewProfile" name="renders a dob" time="0">
    </testcase>
    <testcase classname="testing ViewProfile" name="renders a location" time="0">
    </testcase>
    <testcase classname="testing ViewProfile" name="renders a mobile" time="0">
    </testcase>
    <system-out/>
    <system-err/>
  </testsuite>
  <testsuite id="8" name="/home/shivender/Documents/ReactJS/hospital-app/src/tests/AllPatients.test.js" errors="0" package="/home/shivender/Documents/ReactJS/hospital-app/src/tests/AllPatients.test.js" hostname="localhost" tests="1" failures="0" time="0.149" timestamp="2023-06-07T21:05:25">
    <properties>
    </properties>
    <testcase classname="testing AllPatients" name="should set the state values" time="0">
    </testcase>
    <system-out/>
    <system-err/>
  </testsuite>
  <testsuite id="9" name="/home/shivender/Documents/ReactJS/hospital-app/src/tests/NavBar.test.js" errors="0" package="/home/shivender/Documents/ReactJS/hospital-app/src/tests/NavBar.test.js" hostname="localhost" tests="4" failures="0" time="0.112" timestamp="2023-06-07T21:05:25">
    <properties>
    </properties>
    <testcase classname="testing NavBar component" name="checking the NavBar NavLink router content" time="0">
    </testcase>
    <testcase classname="testing NavBar component" name="checking the NavBar allpatients router content" time="0">
    </testcase>
    <testcase classname="testing NavBar component" name="checking the NavBar Book appointment router content" time="0">
    </testcase>
    <testcase classname="testing NavBar component" name="checking the NavBar all appointments router content" time="0">
    </testcase>
    <system-out/>
    <system-err/>
  </testsuite>
  <testsuite id="10" name="/home/shivender/Documents/ReactJS/hospital-app/src/tests/ViewPatient.test.js" errors="0" package="/home/shivender/Documents/ReactJS/hospital-app/src/tests/ViewPatient.test.js" hostname="localhost" tests="7" failures="0" time="0.131" timestamp="2023-06-07T21:05:25">
    <properties>
    </properties>
    <testcase classname="testing ViewPatient" name="should render seven &lt;div /&gt;" time="0">
    </testcase>
    <testcase classname="testing ViewPatient" name="should render five labels &lt;span/&gt;" time="0">
    </testcase>
    <testcase classname="testing ViewPatient" name="renders a name input" time="0">
    </testcase>
    <testcase classname="testing ViewPatient" name="renders a email" time="0">
    </testcase>
    <testcase classname="testing ViewPatient" name="renders a dob" time="0">
    </testcase>
    <testcase classname="testing ViewPatient" name="renders a location" time="0">
    </testcase>
    <testcase classname="testing ViewPatient" name="renders a mobile" time="0">
    </testcase>
    <system-out/>
    <system-err/>
  </testsuite>
  <testsuite id="11" name="/home/shivender/Documents/ReactJS/hospital-app/src/tests/ViewAppointment.test.js" errors="0" package="/home/shivender/Documents/ReactJS/hospital-app/src/tests/ViewAppointment.test.js" hostname="localhost" tests="7" failures="0" time="0.133" timestamp="2023-06-07T21:05:25">
    <properties>
    </properties>
    <testcase classname="testing ViewAppointment" name="should render eight &lt;div/&gt;" time="0">
    </testcase>
    <testcase classname="testing ViewAppointment" name="should render five labels &lt;label/&gt;" time="0">
    </testcase>
    <testcase classname="testing ViewAppointment" name="renders a name input" time="0">
    </testcase>
    <testcase classname="testing ViewAppointment" name="renders a disease" time="0">
    </testcase>
    <testcase classname="testing ViewAppointment" name="renders a appdate" time="0">
    </testcase>
    <testcase classname="testing ViewAppointment" name="renders a slot" time="0">
    </testcase>
    <testcase classname="testing ViewAppointment" name="renders a description" time="0">
    </testcase>
    <system-out/>
    <system-err/>
  </testsuite>
  <testsuite id="12" name="/home/shivender/Documents/ReactJS/hospital-app/src/App.test.js" errors="0" package="/home/shivender/Documents/ReactJS/hospital-app/src/App.test.js" hostname="localhost" tests="1" failures="0" time="0.099" timestamp="2023-06-07T21:05:25">
    <properties>
    </properties>
    <testcase classname="renders without crashing" name="renders without crashing" time="0">
    </testcase>
    <system-out/>
    <system-err/>
  </testsuite>
</testsuites>